<?xml version="1.0" encoding="UTF-8"?>
<!-- Generated by org.testng.reporters.JUnitReportReporter -->
<testsuite hostname="Naresh" name="com.TestSuite.IncomingEvidence" tests="1" failures="0" timestamp="22 Feb 2016 15:52:48 GMT" time="30.588" errors="0">
  <testcase name="sample" time="30.588" classname="com.TestSuite.IncomingEvidence"/>
</testsuite> <!-- com.TestSuite.IncomingEvidence -->
