<?xml version="1.0" encoding="UTF-8"?>
<!-- Generated by org.testng.reporters.JUnitReportReporter -->
<testsuite hostname="Naresh" name="TestSuite.BfGfVtChildren_GfHavingMEC" tests="1" failures="0" timestamp="27 Jan 2016 19:18:22 GMT" time="11.597" errors="0">
  <testcase name="BfGfVtChildren_GfHavingMEC1" time="11.597" classname="TestSuite.BfGfVtChildren_GfHavingMEC"/>
</testsuite> <!-- TestSuite.BfGfVtChildren_GfHavingMEC -->
