<?xml version="1.0" encoding="UTF-8"?>
<!-- Generated by org.testng.reporters.JUnitReportReporter -->
<testsuite hostname="Naresh" name="com.TestSuite.Sample" tests="1" failures="0" timestamp="18 Feb 2016 18:20:18 GMT" time="53.269" errors="0">
  <testcase name="sample" time="53.269" classname="com.TestSuite.Sample"/>
</testsuite> <!-- com.TestSuite.Sample -->
