<?xml version="1.0" encoding="UTF-8"?>
<!-- Generated by org.testng.reporters.JUnitReportReporter -->
<testsuite hostname="Naresh" name="com.TestSuite.ClearVerifications_1Member" tests="1" failures="0" timestamp="25 Feb 2016 17:30:04 GMT" time="36.711" errors="0">
  <testcase name="sample" time="36.711" classname="com.TestSuite.ClearVerifications_1Member"/>
</testsuite> <!-- com.TestSuite.ClearVerifications_1Member -->
