<?xml version="1.0" encoding="UTF-8"?>
<!-- Generated by org.testng.reporters.JUnitReportReporter -->
<testsuite hostname="Naresh" name="com.TestSuite.ClearVerifications" tests="1" failures="0" timestamp="18 Feb 2016 18:47:51 GMT" time="30.380" errors="0">
  <testcase name="sample" time="30.380" classname="com.TestSuite.ClearVerifications"/>
</testsuite> <!-- com.TestSuite.ClearVerifications -->
